<?xml version="1.0" encoding="UTF-8"?>
<testsuite xmlns:xsi="http://www.w3.org/2001/XMLSchema-instance" xsi:noNamespaceSchemaLocation="https://maven.apache.org/surefire/maven-surefire-plugin/xsd/surefire-test-report-3.0.xsd" version="3.0" name="com.synchrony.codechallenge.repository.UserRepositoryTest" time="0.018" tests="1" errors="0" skipped="0" failures="0">
  <properties>
[...]
</properties>
  <testcase name="findByUsername" classname="com.synchrony.codechallenge.repository.UserRepositoryTest" time="0.008">
    <system-out><![CDATA[2024-07-10T20:52:33.422-04:00  INFO 93083 --- [code-challenge] [           main] t.c.s.AnnotationConfigContextLoaderUtils : Could not detect default configuration classes for test class [com.synchrony.codechallenge.repository.UserRepositoryTest]: UserRepositoryTest does not declare any static, non-private, non-final, nested classes annotated with @Configuration.
2024-07-10T20:52:33.427-04:00  INFO 93083 --- [code-challenge] [           main] .b.t.c.SpringBootTestContextBootstrapper : Found @SpringBootConfiguration com.synchrony.codechallenge.CodeChallengeApplication for test class com.synchrony.codechallenge.repository.UserRepositoryTest
Hibernate: insert into app_user (password,username,id) values (?,?,default)
Hibernate: select u1_0.id,u1_0.password,u1_0.username from app_user u1_0 where u1_0.username=?
]]></system-out>
  </testcase>
</testsuite>